Rufus x64 v4.2.2074 (Portable)
Windows version: Windows 10 Pro x64 (Build 19045.3448)
Syslinux versions: 4.07/2013-07-25, 6.04/pre1
Grub versions: 0.4.6a, 2.06
System locale ID: 0x0409 (en-US)
Will use default UI locale 0x0409
SetLGP: Successfully set NoDriveTypeAutorun policy to 0x0000009E
Localization set to 'en-US'
Found 517 officially revoked UEFI bootloaders from embedded list
Found 2351 additional revoked UEFI bootloaders from this system's SKUSiPolicy.p7b
Found USB 2.0 device 'Lexar USB Flash Drive USB Device' (21C4:0CC7)
1 device found
Disk type: Removable, Disk size: 16 GB, Sector size: 512 bytes
Cylinders: 1899, Tracks per cylinder: 255, Sectors per track: 63
Partition type: GPT, NB Partitions: 2
Disk GUID: {095E0BE1-A524-47EE-8E74-2AD0F10C9988}
Max parts: 128, Start Offset: 17408, Usable = 15623748096 bytes
Partition 1:
  Type: EFI System Partition
  Name: 'EFI System Partition'
  Detected File System: FAT32
  ID: {A34CC4D7-32C1-4E5C-AA2D-BE15CE5D32D6}
  Size: 200 MB (209715200 bytes)
  Start Sector: 40, Attributes: 0x0000000000000000
Partition 2:
  Type: Microsoft Basic Data Partition
  Detected File System: exFAT
  ID: {BBAE1E16-C662-4628-BB94-34F98F759F0D}
  Size: 14.4 GB (15411970048 bytes)
  Start Sector: 411648, Attributes: 0x0000000000000000
Scanning image...
ISO analysis:
  Image is a UDF image
Disk image analysis:
  Image does not have a Boot Marker
ISO label: 'CCCOMA_X64FRE_EN-US_DV9'
  Detected: Windows 10 ISO (Build 19041.2006)
  Size: 5.7 GB (Projected)
  Has a >4GB file
  Uses: EFI
  Uses: Bootmgr (BIOS and UEFI)
  Uses: Install.wim (version 0.13.1)
Using image: en-us_windows_10_consumer_editions_version_22h2_x64_dvd_8da72ab3.iso (5.7 GB)
Checking for Rufus updates...
Checking release channel...
No new release version found.
Selected Windows User Experience options:
• Disable data collection

Format operation started
Requesting disk access...
Will use 'E:' as volume mountpoint
Opened \\.\PhysicalDrive3 for exclusive write access
Analyzing existing boot records...
Drive has a Zeroed Master Boot Record
Clearing MBR/PBR/GPT structures...
Erasing 128 sectors
Initializing disk...
Partitioning (MBR)...
● Creating Main Data Partition (offset: 1048576, size: 14.5 GB)
● Creating UEFI:NTFS Partition (offset: 15622692864, size: 1 MB)
Writing UEFI:NTFS data...
Waiting for logical drive to reappear...
Formatting to NTFS (using IFS)
Using cluster size: 4096 bytes
Quick format was selected
Creating file system...
Format completed.
Writing Master Boot Record...
Set bootable USB partition as 0x80
Using Rufus MBR
Found volume \\?\Volume{19cd56f9-613a-11ee-b2d6-dcf5055a2936}\
Disabling file indexing...
Notice: Volume Device Path is \Device\HarddiskVolume13
Waiting for access on \\?\Volume{19cd56f9-613a-11ee-b2d6-dcf5055a2936}...
Opened \\?\Volume{19cd56f9-613a-11ee-b2d6-dcf5055a2936} for exclusive write access
Writing Partition Boot Record...
Using Standard NTFS partition boot record
Confirmed new volume has an NTFS boot sector
Successfully remounted \\?\Volume{19cd56f9-613a-11ee-b2d6-dcf5055a2936}\ as E:
Extracting files...
Image is a UDF image
Extracting: E:\autorun.inf (128 bytes)
Extracting: E:\boot\bcd (16 KB)
Extracting: E:\boot\boot.sdi (3 MB)
Extracting: E:\boot\bootfix.bin (1 KB)
Extracting: E:\boot\bootsect.exe (107.8 KB)
Extracting: E:\boot\en-us\bootsect.exe.mui (16 KB)
Extracting: E:\boot\etfsboot.com (4 KB)
Extracting: E:\boot\fonts\chs_boot.ttf (3.5 MB)
Extracting: E:\boot\fonts\cht_boot.ttf (3.7 MB)
Extracting: E:\boot\fonts\jpn_boot.ttf (1.9 MB)
Extracting: E:\boot\fonts\kor_boot.ttf (2.3 MB)
Extracting: E:\boot\fonts\malgun_boot.ttf (174.2 KB)
Extracting: E:\boot\fonts\malgun_console.ttf (79.5 KB)
Extracting: E:\boot\fonts\malgunn_boot.ttf (171.8 KB)
Extracting: E:\boot\fonts\meiryo_boot.ttf (141.3 KB)
Extracting: E:\boot\fonts\meiryo_console.ttf (88.5 KB)
Extracting: E:\boot\fonts\meiryon_boot.ttf (139.7 KB)
Extracting: E:\boot\fonts\msjh_boot.ttf (157.6 KB)
Extracting: E:\boot\fonts\msjh_console.ttf (198.1 KB)
Extracting: E:\boot\fonts\msjhn_boot.ttf (155.7 KB)
Extracting: E:\boot\fonts\msyh_boot.ttf (153.9 KB)
Extracting: E:\boot\fonts\msyh_console.ttf (94.2 KB)
Extracting: E:\boot\fonts\msyhn_boot.ttf (152.1 KB)
Extracting: E:\boot\fonts\segmono_boot.ttf (42.8 KB)
Extracting: E:\boot\fonts\segoe_slboot.ttf (83.2 KB)
Extracting: E:\boot\fonts\segoen_slboot.ttf (82.9 KB)
Extracting: E:\boot\fonts\wgl4_boot.ttf (46.3 KB)
Extracting: E:\boot\memtest.exe (977.3 KB)
Extracting: E:\boot\resources\bootres.dll (90.3 KB)
Extracting: E:\bootmgr (404 KB)
Extracting: E:\bootmgr.efi (1.5 MB)
Extracting: E:\efi\boot\bootx64.efi (1.5 MB)
Extracting: E:\efi\microsoft\boot\bcd (16 KB)
Extracting: E:\efi\microsoft\boot\cdboot.efi (1.1 MB)
Extracting: E:\efi\microsoft\boot\cdboot_noprompt.efi (1.1 MB)
Extracting: E:\efi\microsoft\boot\efisys.bin (1.4 MB)
Extracting: E:\efi\microsoft\boot\efisys_noprompt.bin (1.4 MB)
Extracting: E:\efi\microsoft\boot\fonts\chs_boot.ttf (3.5 MB)
Extracting: E:\efi\microsoft\boot\fonts\cht_boot.ttf (3.7 MB)
Extracting: E:\efi\microsoft\boot\fonts\jpn_boot.ttf (1.9 MB)
Extracting: E:\efi\microsoft\boot\fonts\kor_boot.ttf (2.3 MB)
Extracting: E:\efi\microsoft\boot\fonts\malgun_boot.ttf (174.2 KB)
Extracting: E:\efi\microsoft\boot\fonts\malgun_console.ttf (79.5 KB)
Extracting: E:\efi\microsoft\boot\fonts\malgunn_boot.ttf (171.8 KB)
Extracting: E:\efi\microsoft\boot\fonts\meiryo_boot.ttf (141.3 KB)
Extracting: E:\efi\microsoft\boot\fonts\meiryo_console.ttf (88.5 KB)
Extracting: E:\efi\microsoft\boot\fonts\meiryon_boot.ttf (139.7 KB)
Extracting: E:\efi\microsoft\boot\fonts\msjh_boot.ttf (157.6 KB)
Extracting: E:\efi\microsoft\boot\fonts\msjh_console.ttf (198.1 KB)
Extracting: E:\efi\microsoft\boot\fonts\msjhn_boot.ttf (155.7 KB)
Extracting: E:\efi\microsoft\boot\fonts\msyh_boot.ttf (153.9 KB)
Extracting: E:\efi\microsoft\boot\fonts\msyh_console.ttf (94.2 KB)
Extracting: E:\efi\microsoft\boot\fonts\msyhn_boot.ttf (152.1 KB)
Extracting: E:\efi\microsoft\boot\fonts\segmono_boot.ttf (42.8 KB)
Extracting: E:\efi\microsoft\boot\fonts\segoe_slboot.ttf (83.2 KB)
Extracting: E:\efi\microsoft\boot\fonts\segoen_slboot.ttf (82.9 KB)
Extracting: E:\efi\microsoft\boot\fonts\wgl4_boot.ttf (46.3 KB)
Extracting: E:\efi\microsoft\boot\memtest.efi (1.3 MB)
Extracting: E:\efi\microsoft\boot\resources\bootres.dll (90.3 KB)
Extracting: E:\efi\microsoft\boot\winsipolicy.p7b (9.6 KB)
Extracting: E:\setup.exe (72.4 KB)
Extracting: E:\sources\SetupDU_159931.spdx.json (41.6 KB)
Extracting: E:\sources\SetupDU_159931.spdx.json.sha256 (128 bytes)
Extracting: E:\sources\acmigration.dll (361.3 KB)
Extracting: E:\sources\acres.dll (325.9 KB)
Extracting: E:\sources\actionqueue.dll (184.3 KB)
Extracting: E:\sources\adfscomp.dll (49.5 KB)
Extracting: E:\sources\admtv3check.dll (71.6 KB)
Extracting: E:\sources\aeinv.dll (755.3 KB)
Extracting: E:\sources\alert.gif (1 KB)
Extracting: E:\sources\appcompat.xsl (11.4 KB)
Extracting: E:\sources\appcompat_bidi.xsl (12.2 KB)
Extracting: E:\sources\appcompat_detailed.xsl (13.3 KB)
Extracting: E:\sources\appcompat_detailed_bidi.xsl (13.4 KB)
Extracting: E:\sources\appcompat_detailed_bidi_txt.xsl (13.1 KB)
Extracting: E:\sources\appcompat_detailed_txt.xsl (13 KB)
Extracting: E:\sources\appcompatservicing.dll (58 KB)
Extracting: E:\sources\appraiser.dll (1.8 MB)
Extracting: E:\sources\appraiser.sdb (2.5 MB)
Extracting: E:\sources\appraiserdatasha1.cat (9.3 KB)
Extracting: E:\sources\appraiserres.dll (142.3 KB)
Extracting: E:\sources\appraiserwc.dll (1.8 MB)
Extracting: E:\sources\arunimg.dll (805.8 KB)
Extracting: E:\sources\arunres.dll (13.8 KB)
Extracting: E:\sources\autorun.dll (163.8 KB)
Extracting: E:\sources\background_cli.bmp (2.3 MB)
Extracting: E:\sources\boot.wim (642.7 MB)
Extracting: E:\sources\cdplib.mof (1.9 KB)
Extracting: E:\sources\cdplibuninstall.mof (571 bytes)
Extracting: E:\sources\clustercompliance.dll (20.6 KB)
Extracting: E:\sources\cmi2migxml.dll (186.8 KB)
Extracting: E:\sources\cmisetup.dll (649.8 KB)
Extracting: E:\sources\compatctrl.dll (152.3 KB)
Extracting: E:\sources\compatresources.dll (3.6 MB)
Extracting: E:\sources\compres.dll (38.6 KB)
Extracting: E:\sources\cryptosetup.dll (23.4 KB)
Extracting: E:\sources\csiagent.dll (669.3 KB)
Extracting: E:\sources\cversion.ini (49 bytes)
Extracting: E:\sources\db_msftproductionwindowssigningca.cer (1.5 KB)
Extracting: E:\sources\devinv.dll (715.3 KB)
Extracting: E:\sources\diager.dll (52.8 KB)
Extracting: E:\sources\diagnostic.dll (173.8 KB)
Extracting: E:\sources\diagtrack.dll (1.3 MB)
Extracting: E:\sources\diagtrackrunner.exe (86.2 KB)
Extracting: E:\sources\dism.exe (282.3 KB)
Extracting: E:\sources\dismapi.dll (1 MB)
Extracting: E:\sources\dismcore.dll (395.8 KB)
Extracting: E:\sources\dismcoreps.dll (183.5 KB)
Extracting: E:\sources\dismprov.dll (253.5 KB)
Extracting: E:\sources\dlmanifests\accessibilitycpl-dl.man (4.6 KB)
Extracting: E:\sources\dlmanifests\activedirectory-webservices-dl.man (667 bytes)
Extracting: E:\sources\dlmanifests\activedirectory-wmireplicationprovider-dl.man (1.1 KB)
Extracting: E:\sources\dlmanifests\adsi-ldap-extensions-dl.man (3.6 KB)
Extracting: E:\sources\dlmanifests\adsi-ldap-provider-dl.man (1.6 KB)
Extracting: E:\sources\dlmanifests\adsi-router-dl.man (1.9 KB)
Extracting: E:\sources\dlmanifests\adsi-winnt-provider-dl.man (1.6 KB)
Extracting: E:\sources\dlmanifests\bluetooth-config-dl.man (1.4 KB)
Extracting: E:\sources\dlmanifests\browserservice-dl.man (3.1 KB)
Extracting: E:\sources\dlmanifests\capi2_certs-dl.man (6.9 KB)
Extracting: E:\sources\dlmanifests\commandprompt-dl.man (2.8 KB)
Extracting: E:\sources\dlmanifests\coreos-dl.man (1.6 KB)
Extracting: E:\sources\dlmanifests\credential-manager-dl.man (2.2 KB)
Extracting: E:\sources\dlmanifests\crypto_keys-dl.man (2.9 KB)
Extracting: E:\sources\dlmanifests\cryptoconfig-dl.man (1.4 KB)
Extracting: E:\sources\dlmanifests\dfsclient-dl.man (1.6 KB)
Extracting: E:\sources\dlmanifests\dfsmgmt-dl.man (2 KB)
Extracting: E:\sources\dlmanifests\dhcpclient-dl.man (1.5 KB)
Extracting: E:\sources\dlmanifests\directoryservices-adam-dl.man (2.1 KB)
Extracting: E:\sources\dlmanifests\directoryservices-domain-dl.man (2.0 KB)
Extracting: E:\sources\dlmanifests\directoryservices-ism-smtp-dl.man (1.8 KB)
Extracting: E:\sources\dlmanifests\dns-client-dl.man (3.7 KB)
Extracting: E:\sources\dlmanifests\dns-server-service-dl.man (2.3 KB)
Extracting: E:\sources\dlmanifests\dpapi_keys-dl.man (4.4 KB)
Extracting: E:\sources\dlmanifests\etw-core-dl.man (1.4 KB)
Extracting: E:\sources\dlmanifests\etwtracing.man (14.8 KB)
Extracting: E:\sources\dlmanifests\eventlog-dl.man (1.7 KB)
Extracting: E:\sources\dlmanifests\explorer-dl.man (2.5 KB)
Extracting: E:\sources\dlmanifests\feclient-dl.man (1.6 KB)
Extracting: E:\sources\dlmanifests\fonts-type1-dl.man (788 bytes)
Extracting: E:\sources\dlmanifests\frs-core-dl.man (4.3 KB)
Extracting: E:\sources\dlmanifests\gpbase-dl.man (7.0 KB)
Extracting: E:\sources\dlmanifests\gpmc-dl.man (1.4 KB)
Extracting: E:\sources\dlmanifests\gpmgmt-dl.man (1.5 KB)
Extracting: E:\sources\dlmanifests\grouppolicy-admin-gpedit-dl.man (1.4 KB)
Extracting: E:\sources\dlmanifests\grouppolicy-admin-gpedit-snapin-dl.man (1.4 KB)
Extracting: E:\sources\dlmanifests\grouppolicy-cse-softwareinstallation-dl.man (1.9 KB)
Extracting: E:\sources\dlmanifests\grouppolicy-serveradmintools-gpmc-dl.man (1.6 KB)
Extracting: E:\sources\dlmanifests\ieframe-dl.man (1.1 KB)
Extracting: E:\sources\dlmanifests\ime-traditional-chinese-migration-dl.man (1.5 KB)
Extracting: E:\sources\dlmanifests\isns_service-dl.man (1.7 KB)
Extracting: E:\sources\dlmanifests\kerberos-key-distribution-center-dl.man (2 KB)
Extracting: E:\sources\dlmanifests\ldap-client-dl.man (1.4 KB)
Extracting: E:\sources\dlmanifests\microsoft-activedirectory-webservices-dl\adwsmigrate.dll (100.8 KB)
Extracting: E:\sources\dlmanifests\microsoft-windows-bits-client-dl.man (1.6 KB)
Extracting: E:\sources\dlmanifests\microsoft-windows-bluetooth-config\bthmigplugin.dll (103.5 KB)
Extracting: E:\sources\dlmanifests\microsoft-windows-certificateservices-ca-dl.man (1.8 KB)
Extracting: E:\sources\dlmanifests\microsoft-windows-certificateservices-camanagement-dl.man (1.4 KB)
Extracting: E:\sources\dlmanifests\microsoft-windows-certificateservices-mscep-dl.man (1.7 KB)
Extracting: E:\sources\dlmanifests\microsoft-windows-com-complus-setup-dl\commig.dll (158 KB)
Extracting: E:\sources\dlmanifests\microsoft-windows-com-dtc-setup-dl\msdtcstp.dll (81.8 KB)
Extracting: E:\sources\dlmanifests\microsoft-windows-dhcpservermigplugin-dl\dhcpsrvmigplugin.dll (131 KB)
Extracting: E:\sources\dlmanifests\microsoft-windows-directoryservices-adam-dl\adammigrate.dll (128.8 KB)
Extracting: E:\sources\dlmanifests\microsoft-windows-errorreportingcore-dl.man (1.9 KB)
Extracting: E:\sources\dlmanifests\microsoft-windows-errorreportingfaults-dl.man (1.1 KB)
Extracting: E:\sources\dlmanifests\microsoft-windows-fax-client-applications-dl.man (3.7 KB)
Extracting: E:\sources\dlmanifests\microsoft-windows-fax-client-proenterprise-dl.man (1.8 KB)
Extracting: E:\sources\dlmanifests\microsoft-windows-fax-common-dl.man (4.7 KB)
Extracting: E:\sources\dlmanifests\microsoft-windows-fax-server-dl.man (1.8 KB)
Extracting: E:\sources\dlmanifests\microsoft-windows-fax-service-dl.man (7.5 KB)
Extracting: E:\sources\dlmanifests\microsoft-windows-htmlhelp-dl.man (1.7 KB)
Extracting: E:\sources\dlmanifests\microsoft-windows-iasserver-migplugin\iasmigplugin.dll (680 KB)
Extracting: E:\sources\dlmanifests\microsoft-windows-iasserver-migplugin\iasmigreader.exe (476.5 KB)
Extracting: E:\sources\dlmanifests\microsoft-windows-ie-clientnetworkprotocolimplementation-migration\wininetplugin.dll (42.5 KB)
Extracting: E:\sources\dlmanifests\microsoft-windows-ie-esc-dl.man (1.9 KB)
Extracting: E:\sources\dlmanifests\microsoft-windows-ie-feeds-platform-dl.man (2.3 KB)
Extracting: E:\sources\dlmanifests\microsoft-windows-ie-internetexplorer-dl.man (13.0 KB)
Extracting: E:\sources\dlmanifests\microsoft-windows-iis-corewebengine-deployment-dl.man (1.4 KB)
Extracting: E:\sources\dlmanifests\microsoft-windows-internet-naming-service-runtime\winsplgn.dll (50 KB)
Extracting: E:\sources\dlmanifests\microsoft-windows-msmq-messagingcoreservice\mqmigplugin.dll (143.3 KB)
Extracting: E:\sources\dlmanifests\microsoft-windows-netfx35-dl.man (8.8 KB)
Extracting: E:\sources\dlmanifests\microsoft-windows-netfx35cdfcomp-dl.man (1.2 KB)
Extracting: E:\sources\dlmanifests\microsoft-windows-netfxcorecomp-dl.man (44.1 KB)
Extracting: E:\sources\dlmanifests\microsoft-windows-networkbridge\bridgemigplugin.dll (108.3 KB)
Extracting: E:\sources\dlmanifests\microsoft-windows-networkloadbalancing-core\nlbmigplugin.dll (154 KB)
Extracting: E:\sources\dlmanifests\microsoft-windows-rasconnectionmanager\cmmigr.dll (68 KB)
Extracting: E:\sources\dlmanifests\microsoft-windows-rasserver-migplugin\rasmigplugin.dll (527.5 KB)
Extracting: E:\sources\dlmanifests\microsoft-windows-storagemigration-dl.man (7.8 KB)
Extracting: E:\sources\dlmanifests\microsoft-windows-tapisetup\tapimigplugin.dll (64.5 KB)
Extracting: E:\sources\dlmanifests\microsoft-windows-tapisetup-dl.man (2.5 KB)
Extracting: E:\sources\dlmanifests\microsoft-windows-terminalservices-clientactivexcore-dl.man (1.3 KB)
Extracting: E:\sources\dlmanifests\microsoft-windows-terminalservices-licenseserver\tlsmigplugin.dll (114 KB)
Extracting: E:\sources\dlmanifests\microsoft-windows-textservicesframework-migration-dl\chxmig.dll (135.8 KB)
Extracting: E:\sources\dlmanifests\microsoft-windows-textservicesframework-migration-dl\imjpmig.dll (153.5 KB)
Extracting: E:\sources\dlmanifests\microsoft-windows-textservicesframework-migration-dl\imkrmig.dll (109.8 KB)
Extracting: E:\sources\dlmanifests\microsoft-windows-textservicesframework-migration-dl\msctfmig.dll (195 KB)
Extracting: E:\sources\dlmanifests\microsoft-windows-textservicesframework-migration-dl\tabletextservicemig.dll (75.8 KB)
Extracting: E:\sources\dlmanifests\microsoft-windows-unimodem-config\modemmigplugin.dll (151 KB)
Extracting: E:\sources\dlmanifests\microsoft-windows-wab-dl.man (2.5 KB)
Extracting: E:\sources\dlmanifests\microsoft-windows-wcfcorecomp-dl.man (4.8 KB)
Extracting: E:\sources\dlmanifests\microsoft-windows-winsock-core-infrastructure-upgrade\wsupgrade.dll (201 KB)
Extracting: E:\sources\dlmanifests\microsoft-windows-wmi-core\wmimigrationplugin.dll (666.3 KB)
Extracting: E:\sources\dlmanifests\microsoft.windows.com.base-dl.man (1.8 KB)
Extracting: E:\sources\dlmanifests\microsoft.windows.com.complus.setup.dl.man (2.3 KB)
Extracting: E:\sources\dlmanifests\msmq-dcom-dl.man (1.7 KB)
Extracting: E:\sources\dlmanifests\msmq-domain-ic-dl.man (1.5 KB)
Extracting: E:\sources\dlmanifests\msmq-http-dl.man (2.2 KB)
Extracting: E:\sources\dlmanifests\msmq-messagingcoreservice-dl.man (6.6 KB)
Extracting: E:\sources\dlmanifests\msmq-multicast-dl.man (1.5 KB)
Extracting: E:\sources\dlmanifests\msmq-routing-dl.man (1.4 KB)
Extracting: E:\sources\dlmanifests\msmq-triggers-dl.man (1.7 KB)
Extracting: E:\sources\dlmanifests\mup-dl.man (1.5 KB)
Extracting: E:\sources\dlmanifests\netfx-wcf-http-activation-dl.man (1.2 KB)
Extracting: E:\sources\dlmanifests\netfx-wcf-msmqactivation-registration-dl.man (1.6 KB)
Extracting: E:\sources\dlmanifests\netfx-wcf-pipeactivation-registration-dl.man (1.6 KB)
Extracting: E:\sources\dlmanifests\netfx-wcf-tcpactivation-registration-dl.man (1.6 KB)
Extracting: E:\sources\dlmanifests\netfx-wcf-tcpportsharing-dl.man (1.1 KB)
Extracting: E:\sources\dlmanifests\netfx3-dl.man (1.4 KB)
Extracting: E:\sources\dlmanifests\netfx4-wcf-client-dl.man (1.5 KB)
Extracting: E:\sources\dlmanifests\netfx4-wcf-extended-dl.man (1.4 KB)
Extracting: E:\sources\dlmanifests\netfx4clientcorecomp-dl.man (15.5 KB)
Extracting: E:\sources\dlmanifests\netlogon-dl.man (2 KB)
Extracting: E:\sources\dlmanifests\networking-mpssvc-svc\icfupgd.dll (114.3 KB)
Extracting: E:\sources\dlmanifests\ntfs-dl.man (2.6 KB)
Extracting: E:\sources\dlmanifests\ntoskrnl-dl.man (7.8 KB)
Extracting: E:\sources\dlmanifests\odbc32dll-dl.man (4.7 KB)
Extracting: E:\sources\dlmanifests\partmgr-dl.man (1 KB)
Extracting: E:\sources\dlmanifests\printing-spooler-core-dl.man (2.5 KB)
Extracting: E:\sources\dlmanifests\printing-spooler-networkclient-dl.man (2.2 KB)
Extracting: E:\sources\dlmanifests\rights-management-client-v1-api-dl.man (3.2 KB)
Extracting: E:\sources\dlmanifests\rights-management-services-server-dl.man (3.2 KB)
Extracting: E:\sources\dlmanifests\rpc-http-dl.man (1.6 KB)
Extracting: E:\sources\dlmanifests\rpc-http_proxy-dl.man (1.4 KB)
Extracting: E:\sources\dlmanifests\rpc-local-dl.man (1.8 KB)
Extracting: E:\sources\dlmanifests\rpc-remote-dl.man (1.9 KB)
Extracting: E:\sources\dlmanifests\schannel-dl.man (1.4 KB)
Extracting: E:\sources\dlmanifests\schedsvc-dl.man (1.9 KB)
Extracting: E:\sources\dlmanifests\security-digest-dl.man (803 bytes)
Extracting: E:\sources\dlmanifests\security-kerberos-dl.man (803 bytes)
Extracting: E:\sources\dlmanifests\security-ntlm-dl.man (1.4 KB)
Extracting: E:\sources\dlmanifests\security-ntlm-lmc.man (1.1 KB)
Extracting: E:\sources\dlmanifests\shutdown-event-tracker-dl.man (1.3 KB)
Extracting: E:\sources\dlmanifests\smartcardsubsystem-dl.man (3.7 KB)
Extracting: E:\sources\dlmanifests\smbserver-dl.man (13.7 KB)
Extracting: E:\sources\dlmanifests\smss-dl.man (1.7 KB)
Extracting: E:\sources\dlmanifests\smtpsvc-admin-dl.man (1.1 KB)
Extracting: E:\sources\dlmanifests\smtpsvc-service-dl.man (1.2 KB)
Extracting: E:\sources\dlmanifests\speechcommon-dl.man (2.8 KB)
Extracting: E:\sources\dlmanifests\tabletpc-tabbtn-dl.man (1.7 KB)
Extracting: E:\sources\dlmanifests\tabletpcinputpanel-dl.man (1.4 KB)
Extracting: E:\sources\dlmanifests\tabletpcjournal-dl.man (8.5 KB)
Extracting: E:\sources\dlmanifests\tabletpcplatforminput-core-dl.man (1.1 KB)
Extracting: E:\sources\dlmanifests\terminalservices-appserver-dl.man (1.5 KB)
Extracting: E:\sources\dlmanifests\terminalservices-appserver-licensing-dl.man (1.3 KB)
Extracting: E:\sources\dlmanifests\terminalservices-drivers-dl.man (1.1 KB)
Extracting: E:\sources\dlmanifests\terminalservices-licenseserver-dl.man (2.2 KB)
Extracting: E:\sources\dlmanifests\terminalservices-localsessionmanager-dl.man (1.4 KB)
Extracting: E:\sources\dlmanifests\terminalservices-rdp-winstationextensions-dl.man (20.4 KB)
Extracting: E:\sources\dlmanifests\terminalservices-remoteconnectionmanager-dl.man (1.4 KB)
Extracting: E:\sources\dlmanifests\terminalservices-sessiondirectory-client-dl.man (2.2 KB)
Extracting: E:\sources\dlmanifests\terminalservices-sessiondirectory-server-dl.man (2.4 KB)
Extracting: E:\sources\dlmanifests\terminalservices-terminalservicesclient-dl.man (1.9 KB)
Extracting: E:\sources\dlmanifests\textservicesframework-migration-dl.man (2.8 KB)
Extracting: E:\sources\dlmanifests\video-tvvideocontrol-dl.man (2.0 KB)
Extracting: E:\sources\dlmanifests\volsnap-dl.man (1 KB)
Extracting: E:\sources\dlmanifests\wcf-http-activation-dl.man (2.0 KB)
Extracting: E:\sources\dlmanifests\wcf-http-activation-postapply-dl.man (1.4 KB)
Extracting: E:\sources\dlmanifests\wcf-nonhttp-activation-dl.man (1.4 KB)
Extracting: E:\sources\dlmanifests\web-services-for-management-core-dl.man (1.9 KB)
Extracting: E:\sources\dlmanifests\webenroll-dl.man (1.6 KB)
Extracting: E:\sources\dlmanifests\win32k-settings-dl.man (12.2 KB)
Extracting: E:\sources\dlmanifests\windowssearchengine-dl.man (5.6 KB)
Extracting: E:\sources\dlmanifests\winlogon-dl.man (2.8 KB)
Extracting: E:\sources\dlmanifests\wmi-core-dl.man (2.3 KB)
Extracting: E:\sources\dlmanifests\workstationservice-dl.man (1.8 KB)
Extracting: E:\sources\du.dll (152.3 KB)
Extracting: E:\sources\en-us\acres.dll.mui (315.5 KB)
Extracting: E:\sources\en-us\actionqueue.dll.mui (3.5 KB)
Extracting: E:\sources\en-us\appraiser.dll.mui (3.5 KB)
Extracting: E:\sources\en-us\appraiserwc.dll.mui (3.5 KB)
Extracting: E:\sources\en-us\arunres.dll.mui (5.5 KB)
Extracting: E:\sources\en-us\cmisetup.dll.mui (4.5 KB)
Extracting: E:\sources\en-us\compatctrl.dll.mui (6 KB)
Extracting: E:\sources\en-us\compatresources.dll.mui (30 KB)
Extracting: E:\sources\en-us\compres.dll.mui (30 KB)
Extracting: E:\sources\en-us\credits.rtf (710.2 KB)
Extracting: E:\sources\en-us\dism.exe.mui (29.5 KB)
Extracting: E:\sources\en-us\dismapi.dll.mui (4.5 KB)
Extracting: E:\sources\en-us\dismcore.dll.mui (7.5 KB)
Extracting: E:\sources\en-us\dismprov.dll.mui (2.5 KB)
Extracting: E:\sources\en-us\erofflps.txt (276 bytes)
Extracting: E:\sources\en-us\folderprovider.dll.mui (2.5 KB)
Extracting: E:\sources\en-us\imagingprovider.dll.mui (18 KB)
Extracting: E:\sources\en-us\input.dll.mui (24.5 KB)
Extracting: E:\sources\en-us\logprovider.dll.mui (6 KB)
Extracting: E:\sources\en-us\mediasetupuimgr.dll.mui (52 KB)
Extracting: E:\sources\en-us\migres.dll.mui (7.5 KB)
Extracting: E:\sources\en-us\nlsbres.dll.mui (62.5 KB)
Extracting: E:\sources\en-us\oobe_help_opt_in_details.rtf (108.6 KB)
Extracting: E:\sources\en-us\pnpibs.dll.mui (5 KB)
Extracting: E:\sources\en-us\privacy.rtf (771 bytes)
Extracting: E:\sources\en-us\reagent.adml (1.8 KB)
Extracting: E:\sources\en-us\reagent.dll.mui (10.5 KB)
Extracting: E:\sources\en-us\rollback.exe.mui (4.5 KB)
Extracting: E:\sources\en-us\setup.exe.mui (18 KB)
Extracting: E:\sources\en-us\setup_help_upgrade_or_custom.rtf (62.2 KB)
Extracting: E:\sources\en-us\setup_help_whattokeep.rtf (78 KB)
Extracting: E:\sources\en-us\setupcompat.dll.mui (3 KB)
Extracting: E:\sources\en-us\setupcore.dll.mui (15 KB)
Extracting: E:\sources\en-us\setuperror.exe.mui (3.5 KB)
Extracting: E:\sources\en-us\setupplatform.exe.mui (12.8 KB)
Extracting: E:\sources\en-us\setupprep.exe.mui (25.5 KB)
Extracting: E:\sources\en-us\smiengine.dll.mui (12 KB)
Extracting: E:\sources\en-us\spwizres.dll.mui (8 KB)
Extracting: E:\sources\en-us\upgloader.dll.mui (4.5 KB)
Extracting: E:\sources\en-us\uxlibres.dll.mui (3 KB)
Extracting: E:\sources\en-us\vhdprovider.dll.mui (7 KB)
Extracting: E:\sources\en-us\vofflps.rtf (769 bytes)
Extracting: E:\sources\en-us\w32uires.dll.mui (199 KB)
Extracting: E:\sources\en-us\wdsclient.dll.mui (7.5 KB)
Extracting: E:\sources\en-us\wdsimage.dll.mui (6 KB)
Extracting: E:\sources\en-us\wimprovider.dll.mui (27 KB)
Extracting: E:\sources\en-us\windlp.dll.mui (5.5 KB)
Extracting: E:\sources\en-us\winsetup.dll.mui (52.5 KB)
Extracting: E:\sources\etwproviders\actionqueueetw.dll (12.9 KB)
Extracting: E:\sources\etwproviders\auditetw.dll (14.1 KB)
Extracting: E:\sources\etwproviders\cmisetupetw.dll (14.1 KB)
Extracting: E:\sources\etwproviders\en-us\actionqueueetw.dll.mui (3.5 KB)
Extracting: E:\sources\etwproviders\etwproviderinstall.vbs (6.7 KB)
Extracting: E:\sources\etwproviders\oobeldretw.dll (14.4 KB)
Extracting: E:\sources\etwproviders\setupcletw.dll (18.4 KB)
Extracting: E:\sources\etwproviders\setupetw.dll (20.3 KB)
Extracting: E:\sources\etwproviders\setupugcetw.dll (13.4 KB)
Extracting: E:\sources\etwproviders\sysprepetw.dll (17.9 KB)
Extracting: E:\sources\etwproviders\windeployetw.dll (13.9 KB)
Extracting: E:\sources\etwproviders\winsetupetw.dll (65.1 KB)
Extracting: E:\sources\facilitator.dll (999.8 KB)
Extracting: E:\sources\folderprovider.dll (60 KB)
Extracting: E:\sources\gatherosstate.exe (1.4 MB)
Extracting: E:\sources\generaltel.dll (809 KB)
Extracting: E:\sources\hwcompat.dll (203.8 KB)
Extracting: E:\sources\hwcompat.txt (734 KB)
Extracting: E:\sources\hwcompatPE.txt (257 bytes)
Extracting: E:\sources\hwexclude.txt (51 bytes)
Extracting: E:\sources\hwexcludePE.txt (15 bytes)
Extracting: E:\sources\hypervcomplcheck.dll (182.6 KB)
Extracting: E:\sources\iasmigplugin.dll (680 KB)
Extracting: E:\sources\idwbinfo.txt (122 bytes)
Extracting: E:\sources\iiscomp.dll (23.1 KB)
Extracting: E:\sources\imagingprovider.dll (217.3 KB)
Extracting: E:\sources\inf\setup.cfg (3.2 KB)
Extracting: E:\sources\input.dll (369.3 KB)
Extracting: E:\sources\install.wim (4.8 GB)
Extracting: E:\sources\itgtupg.dll (83.4 KB)
Extracting: E:\sources\lang.ini (78 bytes)
Extracting: E:\sources\locale.nls (800.3 KB)
Extracting: E:\sources\logprovider.dll (148.8 KB)
Extracting: E:\sources\mediasetupuimgr.dll (13.4 MB)
Extracting: E:\sources\migapp.xml (639.2 KB)
Extracting: E:\sources\migcore.dll (8.6 MB)
Extracting: E:\sources\mighost.exe (253.3 KB)
Extracting: E:\sources\migisol.dll (141.3 KB)
Extracting: E:\sources\migration\wtr\adminpack_en-us.inf (651 bytes)
Extracting: E:\sources\migration\wtr\adminpack_en-us_noloc.inf (414 bytes)
Extracting: E:\sources\migration\wtr\adobe_flash.inf (1.1 KB)
Extracting: E:\sources\migration\wtr\appmanwtr.inf (16.8 KB)
Extracting: E:\sources\migration\wtr\browserchoice_win7.inf (7 KB)
Extracting: E:\sources\migration\wtr\browserchoice_win8.inf (1.6 KB)
Extracting: E:\sources\migration\wtr\compattelemetry.inf (1.5 KB)
Extracting: E:\sources\migration\wtr\dtumig.inf (412 bytes)
Extracting: E:\sources\migration\wtr\ftp_7.0.inf (1.6 KB)
Extracting: E:\sources\migration\wtr\ftp_7.5_en-us_noloc.inf (2.1 KB)
Extracting: E:\sources\migration\wtr\ftp_7.5_loc.inf (2.7 KB)
Extracting: E:\sources\migration\wtr\gwxmig.inf (1.1 KB)
Extracting: E:\sources\migration\wtr\powershell_en-us_noloc.inf (1002 bytes)
Extracting: E:\sources\migration\wtr\powershell_loc.inf (2.5 KB)
Extracting: E:\sources\migration\wtr\standardcollector.inf (486 bytes)
Extracting: E:\sources\migration\wtr\unpmig.inf (9.8 KB)
Extracting: E:\sources\migration\wtr\webdav_7.0.inf (724 bytes)
Extracting: E:\sources\migration\wtr\webdav_7.5_en-us_noloc.inf (961 bytes)
Extracting: E:\sources\migration\wtr\webdav_7.5_loc.inf (1.2 KB)
Extracting: E:\sources\migres.dll (15.8 KB)
Extracting: E:\sources\migstore.dll (1.2 MB)
Extracting: E:\sources\migsys.dll (391.8 KB)
Extracting: E:\sources\migtestplugin.dll (48.4 KB)
Extracting: E:\sources\mitigation.dll (274.8 KB)
Extracting: E:\sources\mxeagent.dll (318.8 KB)
Extracting: E:\sources\nlsbres.dll (88.5 KB)
Extracting: E:\sources\ntdsupg.dll (27.9 KB)
Extracting: E:\sources\ntfrsupg.dll (50.9 KB)
Extracting: E:\sources\nxquery.inf (1.4 KB)
Extracting: E:\sources\nxquery.sys (15.4 KB)
Extracting: E:\sources\offline.xml (38.0 KB)
Extracting: E:\sources\offlineprofileutils.dll (194.5 KB)
Extracting: E:\sources\oscomps.woa.xml (243.3 KB)
Extracting: E:\sources\oscomps.xml (425.0 KB)
Extracting: E:\sources\osfilter.inf (20.8 KB)
Extracting: E:\sources\outofbox_windows_db.bin (4.7 KB)
Extracting: E:\sources\pnpibs.dll (80.3 KB)
Extracting: E:\sources\pnppropmig.dll (77.3 KB)
Extracting: E:\sources\rdsupgcheck.dll (23.3 KB)
Extracting: E:\sources\reagent.admx (1.2 KB)
Extracting: E:\sources\reagent.dll (1.1 MB)
Extracting: E:\sources\reagent.xml (837 bytes)
Extracting: E:\sources\replacementmanifests\activedirectory-webservices-replacement.man (1.7 KB)
Extracting: E:\sources\replacementmanifests\adsi-router-replacement.man (1.9 KB)
Extracting: E:\sources\replacementmanifests\application-experience-program-compatibility-assistant-replacement.man (11.7 KB)
Extracting: E:\sources\replacementmanifests\appmanmigration-replacement.man (2.1 KB)
Extracting: E:\sources\replacementmanifests\appxalluserstore-replacement.man (2.0 KB)
Extracting: E:\sources\replacementmanifests\appxdeploymentserver-replacement.man (4.8 KB)
Extracting: E:\sources\replacementmanifests\audiommecore-mm-other-migration-replacement.man (852 bytes)
Extracting: E:\sources\replacementmanifests\authui-migration-replacement.man (8 KB)
Extracting: E:\sources\replacementmanifests\authui-migration-win8-replacement.man (10.0 KB)
Extracting: E:\sources\replacementmanifests\bisrv-replacement.man (1.5 KB)
Extracting: E:\sources\replacementmanifests\bthmig-replacement.man (785 bytes)
Extracting: E:\sources\replacementmanifests\capi2_certs-repl.man (9.1 KB)
Extracting: E:\sources\replacementmanifests\certificateenrollment-replacement.man (976 bytes)
Extracting: E:\sources\replacementmanifests\cliplicensemigration-replacement.man (2.8 KB)
Extracting: E:\sources\replacementmanifests\cloudapreplacement.man (1.7 KB)
Extracting: E:\sources\replacementmanifests\cloudexperiencehostonecore-replacement.man (967 bytes)
Extracting: E:\sources\replacementmanifests\codeintegrity-repl.man (2.4 KB)
Extracting: E:\sources\replacementmanifests\commandprompt-win7-replacement.man (2.7 KB)
Extracting: E:\sources\replacementmanifests\commandprompt-win8-replacement.man (11.4 KB)
Extracting: E:\sources\replacementmanifests\contentdeliverymanager.utilities-replacement.man (7.3 KB)
Extracting: E:\sources\replacementmanifests\coreos-repl.man (1.6 KB)
Extracting: E:\sources\replacementmanifests\credential-manager-replacement.man (4.3 KB)
Extracting: E:\sources\replacementmanifests\crypto_keys-repl.man (2.8 KB)
Extracting: E:\sources\replacementmanifests\dataintegrityscan-replacement.man (1.2 KB)
Extracting: E:\sources\replacementmanifests\dcb-repl.man (734 bytes)
Extracting: E:\sources\replacementmanifests\desktopux-replacement.man (4.9 KB)
Extracting: E:\sources\replacementmanifests\deviceassociationframework-replacement.man (1.5 KB)
Extracting: E:\sources\replacementmanifests\devicedirectory-devicedirectoryclient-desktop-replacement.man (1.2 KB)
Extracting: E:\sources\replacementmanifests\deviceregistration-replacement.man (1 KB)
Extracting: E:\sources\replacementmanifests\dhcpclientdll-repl.man (4.1 KB)
Extracting: E:\sources\replacementmanifests\dhcpserver-tools-replacement.man (636 bytes)
Extracting: E:\sources\replacementmanifests\dhcpservermigplugin-rep.man (12.5 KB)
Extracting: E:\sources\replacementmanifests\dhcpservermigpluginwin8-replacement.man (6.0 KB)
Extracting: E:\sources\replacementmanifests\directaccessservermanagement-repl.man (1.2 KB)
Extracting: E:\sources\replacementmanifests\directoryservices-adam-client-replacement.man (1 KB)
Extracting: E:\sources\replacementmanifests\directoryservices-adam-tools-replacement.man (664 bytes)
Extracting: E:\sources\replacementmanifests\directoryservices-administrativecenter-replacement.man (666 bytes)
Extracting: E:\sources\replacementmanifests\directoryservices-domaincontroller-servercoreupg-replacement.man (1.2 KB)
Extracting: E:\sources\replacementmanifests\directoryservices-domaincontroller-tools-replacement.man (682 bytes)
Extracting: E:\sources\replacementmanifests\directoryservices-sm-plugin.registration-replacement.man (1.6 KB)
Extracting: E:\sources\replacementmanifests\displayconfigsettings_win7update.man (2.2 KB)
Extracting: E:\sources\replacementmanifests\dmrcwin7replacement.man (917 bytes)
Extracting: E:\sources\replacementmanifests\dns-client-mw-replacement.man (7.5 KB)
Extracting: E:\sources\replacementmanifests\dns-client-replacement.man (2.1 KB)
Extracting: E:\sources\replacementmanifests\dns-server-role-replacement.man (802 bytes)
Extracting: E:\sources\replacementmanifests\dns-server-tools-replacement.man (634 bytes)
Extracting: E:\sources\replacementmanifests\dpapi_keys-repl.man (4.2 KB)
Extracting: E:\sources\replacementmanifests\dsreg-replacement.man (1.4 KB)
Extracting: E:\sources\replacementmanifests\edgemigrationplugin.man (923 bytes)
Extracting: E:\sources\replacementmanifests\edpnotify-replacement.man (830 bytes)
Extracting: E:\sources\replacementmanifests\elam-replacement.man (1016 bytes)
Extracting: E:\sources\replacementmanifests\etw-core-replacement.man (1.4 KB)
Extracting: E:\sources\replacementmanifests\eudcedit-replacement.man (2 KB)
Extracting: E:\sources\replacementmanifests\explorer-repl.man (4.0 KB)
Extracting: E:\sources\replacementmanifests\extensibleauthenticationprotocolhostservice-rep.man (2.9 KB)
Extracting: E:\sources\replacementmanifests\failovercluster-core-wow64-rm.man (929 bytes)
Extracting: E:\sources\replacementmanifests\feclient-replacement-th.man (1 KB)
Extracting: E:\sources\replacementmanifests\fidocredprov_dll_repl.man (1.5 KB)
Extracting: E:\sources\replacementmanifests\fileserver-replacement.man (1.3 KB)
Extracting: E:\sources\replacementmanifests\font-truetype-fontsregistrysettingsmigration-replacement.man (98.4 KB)
Extracting: E:\sources\replacementmanifests\fonts-type1-replacement.man (1.4 KB)
Extracting: E:\sources\replacementmanifests\fundisc-replacement.man (1.4 KB)
Extracting: E:\sources\replacementmanifests\fveapi-replacement.man (1.1 KB)
Extracting: E:\sources\replacementmanifests\gpbase-replacement.man (9.9 KB)
Extracting: E:\sources\replacementmanifests\gpiobuttons-replacement.man (1.2 KB)
Extracting: E:\sources\replacementmanifests\hal-repl.man (1.2 KB)
Extracting: E:\sources\replacementmanifests\helpandsupport-replacement.man (1 KB)
Extracting: E:\sources\replacementmanifests\http-replacement.man (942 bytes)
Extracting: E:\sources\replacementmanifests\hwvid-migration-2\hwvidmigplugin.dll (73.3 KB)
Extracting: E:\sources\replacementmanifests\hwvid-migration-replacement-2.man (1 KB)
Extracting: E:\sources\replacementmanifests\identityserver-migration-replacement.man (1.4 KB)
Extracting: E:\sources\replacementmanifests\identityserver-proxymigration-replacement.man (1.9 KB)
Extracting: E:\sources\replacementmanifests\identitystore-replacement.man (1.1 KB)
Extracting: E:\sources\replacementmanifests\iis-adminservice-rm.man (970 bytes)
Extracting: E:\sources\replacementmanifests\iis-appwarmup-rm.man (1 KB)
Extracting: E:\sources\replacementmanifests\iis-ftpsvc-rm.man (967 bytes)
Extracting: E:\sources\replacementmanifests\iis-managementconsole-rm.man (743 bytes)
Extracting: E:\sources\replacementmanifests\iis-sharedlibraries-rm.man (1.8 KB)
Extracting: E:\sources\replacementmanifests\iis-w3logsvc-rm.man (1.3 KB)
Extracting: E:\sources\replacementmanifests\iis-w3svc-rm.man (1.3 KB)
Extracting: E:\sources\replacementmanifests\ime-eashared-migration-replacement.man (1.5 KB)
Extracting: E:\sources\replacementmanifests\international-core-replacement.man (4.8 KB)
Extracting: E:\sources\replacementmanifests\international-timezones-replacement.man (3.5 KB)
Extracting: E:\sources\replacementmanifests\internet-naming-service-runtime-rep.man (4.6 KB)
Extracting: E:\sources\replacementmanifests\internet-naming-tools-replacement.man (640 bytes)
Extracting: E:\sources\replacementmanifests\ipv4ipv6coexistencemigration-net-replacement.man (3.7 KB)
Extracting: E:\sources\replacementmanifests\kernel-pnp-repl.man (1.3 KB)
Extracting: E:\sources\replacementmanifests\kernel-server-replacement.man (1.2 KB)
Extracting: E:\sources\replacementmanifests\kernel32-replacement.man (896 bytes)
Extracting: E:\sources\replacementmanifests\kernel32-server-replacement.man (657 bytes)
Extracting: E:\sources\replacementmanifests\keyboardfilter-replacement.man (1.1 KB)
Extracting: E:\sources\replacementmanifests\legacy-sapi-repl.man (4.7 KB)
Extracting: E:\sources\replacementmanifests\mdm_migration-replacement.man (25.0 KB)
Extracting: E:\sources\replacementmanifests\media-settings-migration-replacement.man (993 bytes)
Extracting: E:\sources\replacementmanifests\mfmpeg2srcsnk-migration-replacement.man (1 KB)
Extracting: E:\sources\replacementmanifests\mfplat-migration-replacement.man (1.1 KB)
Extracting: E:\sources\replacementmanifests\mfsrcsnk-migration-replacement.man (1.1 KB)
Extracting: E:\sources\replacementmanifests\microsoft-activedirectory-powershell-replacement.man (703 bytes)
Extracting: E:\sources\replacementmanifests\microsoft-activedirectory-webservices\adwsmigrate.dll (100.8 KB)
Extracting: E:\sources\replacementmanifests\microsoft-certificateauthority-enrollment-serverupgrade-replacement.man (1.9 KB)
Extracting: E:\sources\replacementmanifests\microsoft-certificateservices-ca-serverupgrade-replacement.man (2 KB)
Extracting: E:\sources\replacementmanifests\microsoft-certificateservices-mscep-serverupgrade-replacement.man (2.0 KB)
Extracting: E:\sources\replacementmanifests\microsoft-certificateservices-ocsp-serverupgrade-replacement.man (1.9 KB)
Extracting: E:\sources\replacementmanifests\microsoft-certificateservices-policy-serverupgrade-replacement.man (1.9 KB)
Extracting: E:\sources\replacementmanifests\microsoft-certificateservices-webenrollment-serverupgrade-replacement.man (2 KB)
Extracting: E:\sources\replacementmanifests\microsoft-client-license-platform-service-migration\clipmigplugin.dll (241 KB)
Extracting: E:\sources\replacementmanifests\microsoft-edge-migration-plugin\edge.dat (12 KB)
Extracting: E:\sources\replacementmanifests\microsoft-edge-migration-plugin\edgemigrationplugin.dll (109.8 KB)
Extracting: E:\sources\replacementmanifests\microsoft-edge-migration-plugin\edgeupdate.dat (12 KB)
Extracting: E:\sources\replacementmanifests\microsoft-hyper-v-client-migration-replacement.man (1.3 KB)
Extracting: E:\sources\replacementmanifests\microsoft-hyper-v-drivers-migration-replacement.man (634 bytes)
Extracting: E:\sources\replacementmanifests\microsoft-hyper-v-migration-replacement.man (5.8 KB)
Extracting: E:\sources\replacementmanifests\microsoft-onecore-tiledatarepository\tilestoremigrationplugin.dll (123.8 KB)
Extracting: E:\sources\replacementmanifests\microsoft-onecore-tiledatarepository-replacement.man (918 bytes)
Extracting: E:\sources\replacementmanifests\microsoft-windows-advertisingid-replacement.man (1.2 KB)
Extracting: E:\sources\replacementmanifests\microsoft-windows-appmanagement-migration\appmanmigrationplugin.dll (1.2 MB)
Extracting: E:\sources\replacementmanifests\microsoft-windows-appx-deployment-server\appxprovisioning.xml (19.8 KB)
Extracting: E:\sources\replacementmanifests\microsoft-windows-appx-deployment-server\appxupgrademigrationplugin.dll (464.3 KB)
Extracting: E:\sources\replacementmanifests\microsoft-windows-appx-deployment-server\microsoft.windows.secondarytileexperience_10.0.0.0_neutral__cw5n1h2txyewy.xml (1.7 KB)
Extracting: E:\sources\replacementmanifests\microsoft-windows-appx-deployment-server\windows.miracastview_6.3.0.0_neutral_neutral_cw5n1h2txyewy.xml (1.5 KB)
Extracting: E:\sources\replacementmanifests\microsoft-windows-audio-mmecore-other\audmigplugin.dll (70.3 KB)
Extracting: E:\sources\replacementmanifests\microsoft-windows-bth-user\bthmigplugin.dll (112 KB)
Extracting: E:\sources\replacementmanifests\microsoft-windows-com-complus-setup\commig.dll (158 KB)
Extracting: E:\sources\replacementmanifests\microsoft-windows-container-manager.man (8.1 KB)
Extracting: E:\sources\replacementmanifests\microsoft-windows-credentialmanagementrole-replacement.man (1.9 KB)
Extracting: E:\sources\replacementmanifests\microsoft-windows-credentialmanagementrole-tools-replacement.man (1.3 KB)
Extracting: E:\sources\replacementmanifests\microsoft-windows-deployment-services-admin-pack-replacement.man (672 bytes)
Extracting: E:\sources\replacementmanifests\microsoft-windows-deviceaccess-replacement.man (1.4 KB)
Extracting: E:\sources\replacementmanifests\microsoft-windows-deviceassociationframeworkmigration\dafmigplugin.dll (246.3 KB)
Extracting: E:\sources\replacementmanifests\microsoft-windows-directoryservices-adam-client\adammigrate.dll (128.8 KB)
Extracting: E:\sources\replacementmanifests\microsoft-windows-enterprisemgmt-replacement.man (1.4 KB)
Extracting: E:\sources\replacementmanifests\microsoft-windows-errorreportingcore-replacement.man (16.3 KB)
Extracting: E:\sources\replacementmanifests\microsoft-windows-errorreportingfaults-replacement.man (1.3 KB)
Extracting: E:\sources\replacementmanifests\microsoft-windows-failovercluster-adminpak-replacement.man (657 bytes)
Extracting: E:\sources\replacementmanifests\microsoft-windows-fax-service-replacement.man (3.9 KB)
Extracting: E:\sources\replacementmanifests\microsoft-windows-feedback-service-replacement.man (1.4 KB)
Extracting: E:\sources\replacementmanifests\microsoft-windows-flighting-settings.replacement.man (4.8 KB)
Extracting: E:\sources\replacementmanifests\microsoft-windows-geolocation-replacement.man (1.8 KB)
Extracting: E:\sources\replacementmanifests\microsoft-windows-identity-foundation-migration-replacement.man (2.1 KB)
Extracting: E:\sources\replacementmanifests\microsoft-windows-ie-adminkitbranding-repl.man (4.1 KB)
Extracting: E:\sources\replacementmanifests\microsoft-windows-ie-clientnetworkprotocolimplementation-repl.man (19.1 KB)
Extracting: E:\sources\replacementmanifests\microsoft-windows-ie-internetexplorer-repl-2.man (19.5 KB)
Extracting: E:\sources\replacementmanifests\microsoft-windows-ie-internetexplorer-repl.man (16.5 KB)
Extracting: E:\sources\replacementmanifests\microsoft-windows-ie-pdm-replacement.man (2.8 KB)
Extracting: E:\sources\replacementmanifests\microsoft-windows-iis-rm\iismig.dll (368.9 KB)
Extracting: E:\sources\replacementmanifests\microsoft-windows-mapscontrol-migration\mapsmigplugin.dll (104.3 KB)
Extracting: E:\sources\replacementmanifests\microsoft-windows-mup\mupmigplugin.dll (104.5 KB)
Extracting: E:\sources\replacementmanifests\microsoft-windows-netfx35cdfcomp-replacement.man (911 bytes)
Extracting: E:\sources\replacementmanifests\microsoft-windows-netfxcorecomp-repl.man (44.7 KB)
Extracting: E:\sources\replacementmanifests\microsoft-windows-network-setup\netsetupapi.dll (143 KB)
Extracting: E:\sources\replacementmanifests\microsoft-windows-network-setup\netsetupengine.dll (789.3 KB)
Extracting: E:\sources\replacementmanifests\microsoft-windows-network-setup\networkbindingenginemigplugin.dll (336.8 KB)
Extracting: E:\sources\replacementmanifests\microsoft-windows-network-setup-replacement.man (884 bytes)
Extracting: E:\sources\replacementmanifests\microsoft-windows-networkbridge-replacement.man (744 bytes)
Extracting: E:\sources\replacementmanifests\microsoft-windows-offlinefiles-core\cscmig.dll (142.3 KB)
Extracting: E:\sources\replacementmanifests\microsoft-windows-offlinefiles-core\en-us\cscmig.dll.mui (3 KB)
Extracting: E:\sources\replacementmanifests\microsoft-windows-offlinefiles-replacement.man (7.9 KB)
Extracting: E:\sources\replacementmanifests\microsoft-windows-parentalcontrolssettings-replacement.man (1.3 KB)
Extracting: E:\sources\replacementmanifests\microsoft-windows-pnpmigration\pnpmig.dll (390 KB)
Extracting: E:\sources\replacementmanifests\microsoft-windows-pnpmigration\pnpmig.inf (24.8 KB)
Extracting: E:\sources\replacementmanifests\microsoft-windows-powershell-replacement.man (3.6 KB)
Extracting: E:\sources\replacementmanifests\microsoft-windows-powershell-ws08-replacement.man (1.1 KB)
Extracting: E:\sources\replacementmanifests\microsoft-windows-powershellwebaccess-commands-powershell-migration-replacement.man (874 bytes)
Extracting: E:\sources\replacementmanifests\microsoft-windows-rasapi-mig\pbkmigr.dll (68.3 KB)
Extracting: E:\sources\replacementmanifests\microsoft-windows-rasserver-migplugin\rasmigplugin.dll (527.5 KB)
Extracting: E:\sources\replacementmanifests\microsoft-windows-rmapi-replacement.man (1.7 KB)
Extracting: E:\sources\replacementmanifests\microsoft-windows-securestartup-filterdriver-replacement.man (3.8 KB)
Extracting: E:\sources\replacementmanifests\microsoft-windows-security-ngc-credprov-replacement.man (1.7 KB)
Extracting: E:\sources\replacementmanifests\microsoft-windows-security-ngc-ctnrsvc-repl.man (1.2 KB)
Extracting: E:\sources\replacementmanifests\microsoft-windows-security-ngc-localaccountmigplugin\ngclocalaccountmigplugin.dll (91.5 KB)
Extracting: E:\sources\replacementmanifests\microsoft-windows-servermanager-rsat-featuretools-replacement.man (686 bytes)
Extracting: E:\sources\replacementmanifests\microsoft-windows-servermanager-rsat-replacement.man (659 bytes)
Extracting: E:\sources\replacementmanifests\microsoft-windows-servermanager-rsat-roletools-replacement.man (680 bytes)
Extracting: E:\sources\replacementmanifests\microsoft-windows-servermanager-shell-replacement.man (747 bytes)
Extracting: E:\sources\replacementmanifests\microsoft-windows-services-targetedcontent-replacement.man (839 bytes)
Extracting: E:\sources\replacementmanifests\microsoft-windows-shmig\en-us\shmig.dll.mui (4 KB)
Extracting: E:\sources\replacementmanifests\microsoft-windows-shmig\shmig.dll (204.3 KB)
Extracting: E:\sources\replacementmanifests\microsoft-windows-slb-mux-replacement.man (1.9 KB)
Extracting: E:\sources\replacementmanifests\microsoft-windows-smb1-replacement.man (932 bytes)
Extracting: E:\sources\replacementmanifests\microsoft-windows-softwareinventorylogging-scheduledtasks-replacement.man (1 KB)
Extracting: E:\sources\replacementmanifests\microsoft-windows-storagemigration-od-replacement.man (1.5 KB)
Extracting: E:\sources\replacementmanifests\microsoft-windows-storagemigration-replacement.man (6.1 KB)
Extracting: E:\sources\replacementmanifests\microsoft-windows-sxs\en-us\sxsmigplugin.dll.mui (2.5 KB)
Extracting: E:\sources\replacementmanifests\microsoft-windows-sxs\sxsmigplugin.dll (130.8 KB)
Extracting: E:\sources\replacementmanifests\microsoft-windows-sxs-replacement.man (1.3 KB)
Extracting: E:\sources\replacementmanifests\microsoft-windows-tcpip\netiomig.dll (82.3 KB)
Extracting: E:\sources\replacementmanifests\microsoft-windows-terminalservices-appserver-licensing\tsmigplugin.dll (100 KB)
Extracting: E:\sources\replacementmanifests\microsoft-windows-terminalservices-licenseserver\tlsrepplugin.dll (113.8 KB)
Extracting: E:\sources\replacementmanifests\microsoft-windows-textservicesframework-migration\chxmig.dll (135.8 KB)
Extracting: E:\sources\replacementmanifests\microsoft-windows-textservicesframework-migration\imjpmig.dll (153.5 KB)
Extracting: E:\sources\replacementmanifests\microsoft-windows-textservicesframework-migration\imkrmig.dll (109.8 KB)
Extracting: E:\sources\replacementmanifests\microsoft-windows-textservicesframework-migration\msctfmig.dll (195 KB)
Extracting: E:\sources\replacementmanifests\microsoft-windows-textservicesframework-migration\tabletextservicemig.dll (75.8 KB)
Extracting: E:\sources\replacementmanifests\microsoft-windows-virtualization-vmswitch\vmswitchmigrationplugin.dll (251.8 KB)
Extracting: E:\sources\replacementmanifests\microsoft-windows-virtualization-vmswitch-migration-replacement.man (1.9 KB)
Extracting: E:\sources\replacementmanifests\microsoft-windows-wcfcorecomp-replacement.man (865 bytes)
Extracting: E:\sources\replacementmanifests\microsoft-windows-workstationservice-replacement.man (1.2 KB)
Extracting: E:\sources\replacementmanifests\microsoft.windows.com.complus.setup-replacement.man (1.9 KB)
Extracting: E:\sources\replacementmanifests\microsoft.windows.com.dtc.setup-replacement.man (4.4 KB)
Extracting: E:\sources\replacementmanifests\microsoftwindowsdefragcore-replacement.man (1.5 KB)
Extracting: E:\sources\replacementmanifests\mmdeviceapi-migration-replacement.man (2.1 KB)
Extracting: E:\sources\replacementmanifests\mmsys-migration-replacement.man (1.3 KB)
Extracting: E:\sources\replacementmanifests\mpr-replacement.man (770 bytes)
Extracting: E:\sources\replacementmanifests\msmpeg2vdec-migration-replacement.man (1.2 KB)
Extracting: E:\sources\replacementmanifests\muisettings-replacement.man (1.6 KB)
Extracting: E:\sources\replacementmanifests\mup-replacement.man (2.5 KB)
Extracting: E:\sources\replacementmanifests\ndis-repl.man (2.9 KB)
Extracting: E:\sources\replacementmanifests\netfx-wcf-http-activation-replacement.man (1.8 KB)
Extracting: E:\sources\replacementmanifests\netfx-wcf-msmqactivation-registration-replacement.man (1 KB)
Extracting: E:\sources\replacementmanifests\netfx-wcf-pipeactivation-registration-replacement.man (1 KB)
Extracting: E:\sources\replacementmanifests\netfx-wcf-tcpactivation-registration-replacement.man (1 KB)
Extracting: E:\sources\replacementmanifests\netfx3-replacement.man (601 bytes)
Extracting: E:\sources\replacementmanifests\netfx4-policy-replacement.man (863 bytes)
Extracting: E:\sources\replacementmanifests\netfx4-replacement.man (668 bytes)
Extracting: E:\sources\replacementmanifests\netfx4-wcf-client-replacement.man (1.5 KB)
Extracting: E:\sources\replacementmanifests\netfx4-wcf-extended-replacement.man (1.4 KB)
Extracting: E:\sources\replacementmanifests\netfx4clientcorecomp-replacement.man (17.1 KB)
Extracting: E:\sources\replacementmanifests\networkbridge\bridgemigplugin.dll (108.3 KB)
Extracting: E:\sources\replacementmanifests\networking-mpssvc-svc\icfupgd.dll (114.3 KB)
Extracting: E:\sources\replacementmanifests\networking-mpssvc-svc.replacement.man (1.5 KB)
Extracting: E:\sources\replacementmanifests\networkloadbalancingmanagementclient-replacement.man (674 bytes)
Extracting: E:\sources\replacementmanifests\networkloadbalancingmanagementheadlessserver-replacement.man (673 bytes)
Extracting: E:\sources\replacementmanifests\networkprofile-replacement.man (2.1 KB)
Extracting: E:\sources\replacementmanifests\networksecurity.replacement.man (1.1 KB)
Extracting: E:\sources\replacementmanifests\nfs-admincore-repl.man (1.2 KB)
Extracting: E:\sources\replacementmanifests\nfs-clientcore-repl.man (1.2 KB)
Extracting: E:\sources\replacementmanifests\nfs-servercore-repl.man (1.2 KB)
Extracting: E:\sources\replacementmanifests\nfs-servercoreupg-clientcore-repl.man (1.1 KB)
Extracting: E:\sources\replacementmanifests\nfs-servercoreupg-servercore-repl.man (1.1 KB)
Extracting: E:\sources\replacementmanifests\ngclocalaccountmigplugin-replacement.man (1.3 KB)
Extracting: E:\sources\replacementmanifests\ngcpopkeysrv_dll-repl.man (889 bytes)
Extracting: E:\sources\replacementmanifests\nlasvc-replace.man (943 bytes)
Extracting: E:\sources\replacementmanifests\notepad-repl.man (1 KB)
Extracting: E:\sources\replacementmanifests\npas-role-replacement.man (753 bytes)
Extracting: E:\sources\replacementmanifests\npsui-replacement.man (633 bytes)
Extracting: E:\sources\replacementmanifests\odbc32dll-repl.man (13.6 KB)
Extracting: E:\sources\replacementmanifests\onecore_speechcommon-rep.man (11.6 KB)
Extracting: E:\sources\replacementmanifests\pcpksp_dll-repl.man (3.7 KB)
Extracting: E:\sources\replacementmanifests\peerdist-client-migration-replacement.man (6.2 KB)
Extracting: E:\sources\replacementmanifests\peerdist-server-migration-replacement.man (6.2 KB)
Extracting: E:\sources\replacementmanifests\peerdist-upgrade-replacement.man (3.2 KB)
Extracting: E:\sources\replacementmanifests\peertopeergrouping-replacement.man (1.7 KB)
Extracting: E:\sources\replacementmanifests\performancecounterinfrastructurenonexecutable-replacement.man (1.6 KB)
Extracting: E:\sources\replacementmanifests\personalizationcsp-repl.man (1.4 KB)
Extracting: E:\sources\replacementmanifests\pnpmigration-replacement.man (982 bytes)
Extracting: E:\sources\replacementmanifests\posproviders-replacement.man (1.3 KB)
Extracting: E:\sources\replacementmanifests\power-energyestimationengine-replacement.man (6.3 KB)
Extracting: E:\sources\replacementmanifests\powercpl-replacement.man (2.5 KB)
Extracting: E:\sources\replacementmanifests\powermanagement-powerpolicy-definitions-replacement-v1019h1.man (6.0 KB)
Extracting: E:\sources\replacementmanifests\powermanagement-powerpolicy-definitions-replacement-v1119h1.man (5.5 KB)
Extracting: E:\sources\replacementmanifests\powermanagement-powerpolicy-definitions-replacement-v12vb.man (5.5 KB)
Extracting: E:\sources\replacementmanifests\powermanagement-powerpolicy-definitions-replacement-v4rs1.man (4.1 KB)
Extracting: E:\sources\replacementmanifests\powermanagement-powerpolicy-definitions-replacement-v5rs1.man (4.1 KB)
Extracting: E:\sources\replacementmanifests\powermanagement-powerpolicy-definitions-replacement-v6rs2.man (4.1 KB)
Extracting: E:\sources\replacementmanifests\powermanagement-powerpolicy-definitions-replacement-v7rs2.man (5.3 KB)
Extracting: E:\sources\replacementmanifests\powermanagement-powerpolicy-definitions-replacement-v8rs4.man (5.8 KB)
Extracting: E:\sources\replacementmanifests\powermanagement-powerpolicy-definitions-replacement-v9rs5.man (5.9 KB)
Extracting: E:\sources\replacementmanifests\powermanagement-powerpolicy-definitions-replacement-vista.man (1.9 KB)
Extracting: E:\sources\replacementmanifests\powermanagement-powerpolicy-definitions-replacement-win10.man (3.3 KB)
Extracting: E:\sources\replacementmanifests\powermanagement-powerpolicy-definitions-replacement-win7.man (2.6 KB)
Extracting: E:\sources\replacementmanifests\powermanagement-powerpolicy-definitions-replacement-win8.man (26.5 KB)
Extracting: E:\sources\replacementmanifests\powermanagement-powerpolicy-migration-replacement.man (652 bytes)
Extracting: E:\sources\replacementmanifests\ppipolicies-encryption-replacement.man (1001 bytes)
Extracting: E:\sources\replacementmanifests\ppipolicies-general-replacement.man (2.1 KB)
Extracting: E:\sources\replacementmanifests\ppipolicies-miracast-replacement.man (1.3 KB)
Extracting: E:\sources\replacementmanifests\ppipolicies-power-replacement.man (985 bytes)
Extracting: E:\sources\replacementmanifests\printing-localprinting-replacement\apmonportmig.dll (101.8 KB)
Extracting: E:\sources\replacementmanifests\printing-localprinting-replacement\usbportmig.dll (99.3 KB)
Extracting: E:\sources\replacementmanifests\printing-localprinting-replacement.man (3.5 KB)
Extracting: E:\sources\replacementmanifests\printing-server-foundation-features-upgrade.man (1.4 KB)
Extracting: E:\sources\replacementmanifests\printing-servercore-wow64-rm.man (930 bytes)
Extracting: E:\sources\replacementmanifests\printing-spooler-core-replacement.man (933 bytes)
Extracting: E:\sources\replacementmanifests\processmodel-cpt-rm.man (1.8 KB)
Extracting: E:\sources\replacementmanifests\profsvcreplacement.man (1 KB)
Extracting: E:\sources\replacementmanifests\propsys-replacement.man (2.2 KB)
Extracting: E:\sources\replacementmanifests\quickactions-windows-replacement.man (1.3 KB)
Extracting: E:\sources\replacementmanifests\rasapi-repl.man (3.1 KB)
Extracting: E:\sources\replacementmanifests\rasbase-rassstp-repl.man (6.0 KB)
Extracting: E:\sources\replacementmanifests\rasbase-repl.man (5.8 KB)
Extracting: E:\sources\replacementmanifests\rasddm-repl.man (2.5 KB)
Extracting: E:\sources\replacementmanifests\rasmanservice-repl.man (2.2 KB)
Extracting: E:\sources\replacementmanifests\rasmanservice-replv2.man (2.6 KB)
Extracting: E:\sources\replacementmanifests\rasmanservice-replv3.man (2.7 KB)
Extracting: E:\sources\replacementmanifests\rasppp-repl.man (2.9 KB)
Extracting: E:\sources\replacementmanifests\rasrqs-repl.man (1.8 KB)
Extracting: E:\sources\replacementmanifests\rasserver-repl.man (26.6 KB)
Extracting: E:\sources\replacementmanifests\rasserveradmintools-replacement.man (642 bytes)
Extracting: E:\sources\replacementmanifests\refs-replacement.man (1.1 KB)
Extracting: E:\sources\replacementmanifests\refs-v1-replacement.man (454 bytes)
Extracting: E:\sources\replacementmanifests\retaildemo.deployment.replacement.man (1 KB)
Extracting: E:\sources\replacementmanifests\rights-management-client-v1-api-replacement.man (4.4 KB)
Extracting: E:\sources\replacementmanifests\rights-management-services-admin-tools-replacement.man (1 KB)
Extracting: E:\sources\replacementmanifests\rights-management-services-management-tools-replacement.man (1 KB)
Extracting: E:\sources\replacementmanifests\rights-management-services-role-replacement.man (1019 bytes)
Extracting: E:\sources\replacementmanifests\schedsvc-replacement.man (2.3 KB)
Extracting: E:\sources\replacementmanifests\security-spp-migration-replacement.man (2.8 KB)
Extracting: E:\sources\replacementmanifests\securitycenter-core-replacement.man (957 bytes)
Extracting: E:\sources\replacementmanifests\servercore-wow64-rm.man (763 bytes)
Extracting: E:\sources\replacementmanifests\settingsync-repl.man (1.2 KB)
Extracting: E:\sources\replacementmanifests\sharedpccsp-repl.man (1.3 KB)
Extracting: E:\sources\replacementmanifests\sharemgmt-rsatclient-tools-replacement.man (625 bytes)
Extracting: E:\sources\replacementmanifests\shmig-replacement.man (2.8 KB)
Extracting: E:\sources\replacementmanifests\signalmanager-replacement.man (1 KB)
Extracting: E:\sources\replacementmanifests\signature-replacement.man (2.8 KB)
Extracting: E:\sources\replacementmanifests\smartcardsubsystem-repl.man (2.3 KB)
Extracting: E:\sources\replacementmanifests\snmp-gui-tools-replacement.man (634 bytes)
Extracting: E:\sources\replacementmanifests\sounds-migration-replacement.man (2.4 KB)
Extracting: E:\sources\replacementmanifests\spectrum-replacement.man (864 bytes)
Extracting: E:\sources\replacementmanifests\sppmig\sppmig.dll (44.3 KB)
Extracting: E:\sources\replacementmanifests\srm-cbadriver-repl.man (2.5 KB)
Extracting: E:\sources\replacementmanifests\srm-datascrndriver-repl.man (2.6 KB)
Extracting: E:\sources\replacementmanifests\srm-infrastructure-repl.man (694 bytes)
Extracting: E:\sources\replacementmanifests\srm-management-repl.man (621 bytes)
Extracting: E:\sources\replacementmanifests\srm-quotadriver-repl.man (2.5 KB)
Extracting: E:\sources\replacementmanifests\srm-service-repl.man (4.0 KB)
Extracting: E:\sources\replacementmanifests\srm-service-reports-repl.man (2.8 KB)
Extracting: E:\sources\replacementmanifests\srm-ui-repl.man (2.4 KB)
Extracting: E:\sources\replacementmanifests\srumon-replacement.man (1.3 KB)
Extracting: E:\sources\replacementmanifests\starttiledata-replacement.man (2.6 KB)
Extracting: E:\sources\replacementmanifests\sysdm-replacement.man (2.6 KB)
Extracting: E:\sources\replacementmanifests\sysmain-replacement.man (1.8 KB)
Extracting: E:\sources\replacementmanifests\systemsettingsthreshold-replacement.man (1 KB)
Extracting: E:\sources\replacementmanifests\tabletpcplatforminput-core-replacement.man (15.3 KB)
Extracting: E:\sources\replacementmanifests\tcblaunch-replacement.man (880 bytes)
Extracting: E:\sources\replacementmanifests\tcpip-replacement.man (23.9 KB)
Extracting: E:\sources\replacementmanifests\terminalservices-appserver-licensing-replacement.man (1.1 KB)
Extracting: E:\sources\replacementmanifests\terminalservices-gateway-package-r-replacement.man (1 KB)
Extracting: E:\sources\replacementmanifests\terminalservices-gateway-package-replacement.man (1 KB)
Extracting: E:\sources\replacementmanifests\terminalservices-gateway-ui-package-r-replacement.man (1 KB)
Extracting: E:\sources\replacementmanifests\terminalservices-gateway-ui-package-replacement.man (1 KB)
Extracting: E:\sources\replacementmanifests\terminalservices-licenseserver-replacement.man (1.7 KB)
Extracting: E:\sources\replacementmanifests\terminalservices-localsessionmanager-replacement.man (1.3 KB)
Extracting: E:\sources\replacementmanifests\terminalservices-publishing-wmiprovider-replacement.man (2.2 KB)
Extracting: E:\sources\replacementmanifests\terminalservices-rapweb-replacement.man (860 bytes)
Extracting: E:\sources\replacementmanifests\terminalservices-rapwebpart-replacement.man (1.1 KB)
Extracting: E:\sources\replacementmanifests\terminalservices-rdp-winstationextensions-replacement.man (3.3 KB)
Extracting: E:\sources\replacementmanifests\terminalservices-remoteconnectionmanager-replacement.man (5.3 KB)
Extracting: E:\sources\replacementmanifests\terminalservices-role-package-r-replacement.man (1 KB)
Extracting: E:\sources\replacementmanifests\terminalservices-role-package-replacement.man (1 KB)
Extracting: E:\sources\replacementmanifests\terminalservices-sessiondirectory-client-replacement.man (2.7 KB)
Extracting: E:\sources\replacementmanifests\terminalservices-sessiondirectory-server-replacement.man (4.1 KB)
Extracting: E:\sources\replacementmanifests\terminalservices-tsv-vmhostagent-replacement.man (1.2 KB)
Extracting: E:\sources\replacementmanifests\tetheringservice-repl.man (1 KB)
Extracting: E:\sources\replacementmanifests\textservicesframework-migration-replacement.man (6.3 KB)
Extracting: E:\sources\replacementmanifests\time-service-replacement.man (1.2 KB)
Extracting: E:\sources\replacementmanifests\tpmdriverwmi-replacement.man (2.5 KB)
Extracting: E:\sources\replacementmanifests\tpmvsc-repl.man (916 bytes)
Extracting: E:\sources\replacementmanifests\twinui-replacement.man (11.4 KB)
Extracting: E:\sources\replacementmanifests\udfs-replacement.man (1.5 KB)
Extracting: E:\sources\replacementmanifests\updateservices-common-replacement.man (850 bytes)
Extracting: E:\sources\replacementmanifests\updateservices-services-replacement.man (2.8 KB)
Extracting: E:\sources\replacementmanifests\upnpdevicehost-replacement.man (2.4 KB)
Extracting: E:\sources\replacementmanifests\upnpdevicehost-server-replacement.man (2.4 KB)
Extracting: E:\sources\replacementmanifests\upnpssdp-replacement.man (2.3 KB)
Extracting: E:\sources\replacementmanifests\upnpssdp-server-replacement.man (2.3 KB)
Extracting: E:\sources\replacementmanifests\usbmigration-replacement.man (1.6 KB)
Extracting: E:\sources\replacementmanifests\video-tvvideocontrol-replacement.man (914 bytes)
Extracting: E:\sources\replacementmanifests\virtualdiskservice-repl.man (1.7 KB)
Extracting: E:\sources\replacementmanifests\volsnap-repl.man (2.9 KB)
Extracting: E:\sources\replacementmanifests\vssservice-repl.man (4 KB)
Extracting: E:\sources\replacementmanifests\wbiosrvc-replacement.man (1.2 KB)
Extracting: E:\sources\replacementmanifests\wcf-http-activation-replacement.man (850 bytes)
Extracting: E:\sources\replacementmanifests\wcf-nonhttp-activation-replacement.man (860 bytes)
Extracting: E:\sources\replacementmanifests\web-services-for-management-core-replacement.man (13.4 KB)
Extracting: E:\sources\replacementmanifests\webdavredir-clientonly-replacement.man (2.1 KB)
Extracting: E:\sources\replacementmanifests\webdavredir-serveronly-replacement.man (2.1 KB)
Extracting: E:\sources\replacementmanifests\wia-coreservices-replacement.man (969 bytes)
Extracting: E:\sources\replacementmanifests\wicamigrationav-rl.man (9.9 KB)
Extracting: E:\sources\replacementmanifests\wid8-migration.man (2 KB)
Extracting: E:\sources\replacementmanifests\win32k-settings-repl.man (18.3 KB)
Extracting: E:\sources\replacementmanifests\windows-senseclient-service-rep.man (1.3 KB)
Extracting: E:\sources\replacementmanifests\windows.cortana.desktop-repl.man (1.5 KB)
Extracting: E:\sources\replacementmanifests\windows.holographic.displaythrottling-replacement.man (2.6 KB)
Extracting: E:\sources\replacementmanifests\windows.media-migration-replacement.man (993 bytes)
Extracting: E:\sources\replacementmanifests\windows.sharedpc.accountmanager-repl.man (1.4 KB)
Extracting: E:\sources\replacementmanifests\windows.ui.shell-repl.man (2 KB)
Extracting: E:\sources\replacementmanifests\windowspushnotifications-platform-library-replacement.man (1.4 KB)
Extracting: E:\sources\replacementmanifests\windowssearchengine\wsearchmigplugin.dll (132.8 KB)
Extracting: E:\sources\replacementmanifests\windowssearchengine-replacement.man (6.0 KB)
Extracting: E:\sources\replacementmanifests\windowsstoreapi-replacement.man (1.1 KB)
Extracting: E:\sources\replacementmanifests\windowsupdate-replacement.man (1.6 KB)
Extracting: E:\sources\replacementmanifests\windowswebapphost-replacement.man (1.1 KB)
Extracting: E:\sources\replacementmanifests\winlogon-replacement.man (12.3 KB)
Extracting: E:\sources\replacementmanifests\winmde-migration-replacement.man (1016 bytes)
Extracting: E:\sources\replacementmanifests\winnat-replacement.man (1.2 KB)
Extracting: E:\sources\replacementmanifests\winsat-cmi-replacement.man (889 bytes)
Extracting: E:\sources\replacementmanifests\wlidsvc.vista-win7.man (4.1 KB)
Extracting: E:\sources\replacementmanifests\wmdmigration-replacement.man (4 KB)
Extracting: E:\sources\replacementmanifests\wmi-core-replacement.man (2.7 KB)
Extracting: E:\sources\replacementmanifests\wmiacpi-replacement.man (1.1 KB)
Extracting: E:\sources\replacementmanifests\wmpnsservice-migration-replacement.man (1.5 KB)
Extracting: E:\sources\replacementmanifests\wmpplayer-migration-replacement.man (2.8 KB)
Extracting: E:\sources\replacementmanifests\wpc\wpcmigration.downlevel.dll (208 KB)
Extracting: E:\sources\replacementmanifests\wpc\wpcmigration.uplevel.dll (231.5 KB)
Extracting: E:\sources\replacementmanifests\wsinfra-other-mw-replacement.man (1.1 KB)
Extracting: E:\sources\replacementmanifests\wsinfra-upgrade-replacement.man (1.5 KB)
Extracting: E:\sources\replacementmanifests\wwansvc-servercfg-repl.man (1 KB)
Extracting: E:\sources\reportgen.dll (52.3 KB)
Extracting: E:\sources\reservemanager.dll (273.8 KB)
Extracting: E:\sources\rmsupg.dll (72.3 KB)
Extracting: E:\sources\rollback.exe (124.3 KB)
Extracting: E:\sources\schema.dat (92 KB)
Extracting: E:\sources\sdbapiu.dll (303.8 KB)
Extracting: E:\sources\segoeui.ttf (933.4 KB)
Extracting: E:\sources\setup.exe (286.3 KB)
Extracting: E:\sources\setupcompat.dll (374.4 KB)
Extracting: E:\sources\setupcore.dll (2.2 MB)
Extracting: E:\sources\setupdiag.exe (557.4 KB)
Extracting: E:\sources\setuperror.exe (86 KB)
Extracting: E:\sources\setuphost.exe (864.4 KB)
Extracting: E:\sources\setupmgr.dll (966.3 KB)
Extracting: E:\sources\setupplatform.cfg (10.2 KB)
Extracting: E:\sources\setupplatform.dll (9.1 MB)
Extracting: E:\sources\setupplatform.exe (166.8 KB)
Extracting: E:\sources\setupprep.exe (10.4 MB)
Extracting: E:\sources\sfcn.dat (1.8 KB)
Extracting: E:\sources\sflcid.dat (1.6 KB)
Extracting: E:\sources\sflistrs1.dat (5.3 MB)
Extracting: E:\sources\sflistw7.dat (1.6 MB)
Extracting: E:\sources\sflistw8.dat (2.5 MB)
Extracting: E:\sources\sflistw8.woa.dat (932.1 KB)
Extracting: E:\sources\sflistwb.dat (3 MB)
Extracting: E:\sources\sflistwb.woa.dat (1.1 MB)
Extracting: E:\sources\sflistwt.dat (4.7 MB)
Extracting: E:\sources\sflistwt.woa.dat (2.5 MB)
Extracting: E:\sources\sfpat.inf (11.1 KB)
Extracting: E:\sources\sfpatrs1.inf (165.9 KB)
Extracting: E:\sources\sfpatw7.inf (17.0 KB)
Extracting: E:\sources\sfpatw8.inf (77.9 KB)
Extracting: E:\sources\sfpatwb.inf (89.5 KB)
Extracting: E:\sources\sfpatwt.inf (161.8 KB)
Extracting: E:\sources\smiengine.dll (849.8 KB)
Extracting: E:\sources\spflvrnt.dll (34.8 KB)
Extracting: E:\sources\spprgrss.dll (59.3 KB)
Extracting: E:\sources\spwizeng.dll (516 KB)
Extracting: E:\sources\spwizimg.dll (5.6 MB)
Extracting: E:\sources\spwizres.dll (16.3 KB)
Extracting: E:\sources\sqmapi.dll (47.4 KB)
Extracting: E:\sources\sxs\Microsoft-Windows-InternetExplorer-Optional-Package~31bf3856ad364e35~amd64~en-US~.cab (22.6 KB)
Extracting: E:\sources\sxs\Microsoft-Windows-NetFx3-OnDemand-Package~31bf3856ad364e35~amd64~en-US~.cab (108.4 KB)
Extracting: E:\sources\sxs\microsoft-windows-internetexplorer-optional-package~31bf3856ad364e35~amd64~~.cab (285.8 KB)
Extracting: E:\sources\sxs\microsoft-windows-netfx3-ondemand-package~31bf3856ad364e35~amd64~~.cab (69.4 MB)
Extracting: E:\sources\uddicomp.dll (48.6 KB)
Extracting: E:\sources\unattend.dll (201.5 KB)
Extracting: E:\sources\unbcl.dll (1 MB)
Extracting: E:\sources\uninstall.xml (3.4 KB)
Extracting: E:\sources\uninstall_data.xml (10.9 KB)
Extracting: E:\sources\updateagent.dll (2.7 MB)
Extracting: E:\sources\upgloader.dll (118.8 KB)
Extracting: E:\sources\upgrade_bulk.xml (203.6 KB)
Extracting: E:\sources\upgrade_comp.xml (4.2 KB)
Extracting: E:\sources\upgrade_data.xml (40.1 KB)
Extracting: E:\sources\upgrade_frmwrk.xml (18.2 KB)
Extracting: E:\sources\upgradeagent.dll (3.0 MB)
Extracting: E:\sources\upgradeagent.xml (69.2 KB)
Extracting: E:\sources\upgwow_bulk.xml (111.9 KB)
Extracting: E:\sources\uup\metadata\desktoptargetcompdb_neutral.xml.cab (47.4 KB)
Extracting: E:\sources\uxlib.dll (176.8 KB)
Extracting: E:\sources\uxlibres.dll (11.3 KB)
Extracting: E:\sources\vhdprovider.dll (558.3 KB)
Extracting: E:\sources\vista\webservices.dll (1.1 MB)
Extracting: E:\sources\w32uiimg.dll (2.8 MB)
Extracting: E:\sources\w32uires.dll (207.3 KB)
Extracting: E:\sources\warning.gif (597 bytes)
Extracting: E:\sources\wdsclient.dll (970.9 KB)
Extracting: E:\sources\wdsclientapi.dll (300.9 KB)
Extracting: E:\sources\wdscore.dll (255.8 KB)
Extracting: E:\sources\wdscsl.dll (60.8 KB)
Extracting: E:\sources\wdsimage.dll (924.4 KB)
Extracting: E:\sources\wdstptc.dll (635.1 KB)
Extracting: E:\sources\wdsupgcompl.dll (19.4 KB)
Extracting: E:\sources\wdsutil.dll (296.8 KB)
Extracting: E:\sources\wicadevicefilters.xml (13.4 KB)
Extracting: E:\sources\wimprovider.dll (587.5 KB)
Extracting: E:\sources\win32ui.dll (649.3 KB)
Extracting: E:\sources\windlp.dll (1.4 MB)
Extracting: E:\sources\winsetup.dll (3.5 MB)
Extracting: E:\sources\winsetupboot.hiv (8 KB)
Extracting: E:\sources\winsetupboot.sys (72.4 KB)
Extracting: E:\sources\wpx.dll (1.3 MB)
Extracting: E:\sources\xp\webservices.dll (1.2 MB)
Extracting: E:\support\logging\actionqueueetw.dll (12.9 KB)
Extracting: E:\support\logging\auditetw.dll (13.9 KB)
Extracting: E:\support\logging\cmisetupetw.dll (14.1 KB)
Extracting: E:\support\logging\en-us\actionqueueetw.dll.mui (3.5 KB)
Extracting: E:\support\logging\etwproviderinstall.vbs (6.7 KB)
Extracting: E:\support\logging\microsoft-windows-actionqueue-instrumentation.man (5.7 KB)
Extracting: E:\support\logging\microsoft-windows-audit-instrumentation.man (6.6 KB)
Extracting: E:\support\logging\microsoft-windows-cmisetup-instrumentation.man (6.6 KB)
Extracting: E:\support\logging\microsoft-windows-oobeldr-instrumentation.man (8.4 KB)
Extracting: E:\support\logging\microsoft-windows-setup-events.man (19.1 KB)
Extracting: E:\support\logging\microsoft-windows-setup-instrumentation.man (9.0 KB)
Extracting: E:\support\logging\microsoft-windows-setupcl-instrumentation.man (14.3 KB)
Extracting: E:\support\logging\microsoft-windows-setupugc-instrumentation.man (6.6 KB)
Extracting: E:\support\logging\microsoft-windows-sysprep-instrumentation.man (13.4 KB)
Extracting: E:\support\logging\microsoft-windows-windeploy-instrumentation.man (8.3 KB)
Extracting: E:\support\logging\oobeldretw.dll (14.4 KB)
Extracting: E:\support\logging\setupcletw.dll (18.6 KB)
Extracting: E:\support\logging\setupetw.dll (20.3 KB)
Extracting: E:\support\logging\setupugcetw.dll (13.4 KB)
Extracting: E:\support\logging\sysprepetw.dll (17.9 KB)
Extracting: E:\support\logging\windeployetw.dll (13.9 KB)
Extracting: E:\support\logging\winsetupetw.dll (64.9 KB)
Applying Windows customization:
Created 'E:\sources\$OEM$\$$\Panther\unattend.xml'
Finalizing, please wait...
E:autorun.inf already exists - keeping it
NTFS Fixup (Checkdisk)...
Volume label is WIN.

Stage 1: Examining basic file system structure ...
  1280 file records processed.
File verification completed.
 Phase duration (File record verification): 66.22 milliseconds.
  0 large file records processed.
 Phase duration (Orphan file record recovery): 0.59 milliseconds.
  0 bad file records processed.
 Phase duration (Bad file record checking): 0.51 milliseconds.

Stage 2: Examining file name linkage ...
  1478 index entries processed.
Index verification completed.
 Phase duration (Index verification): 292.77 milliseconds.
 Phase duration (Orphan reconnection): 0.16 milliseconds.
 Phase duration (Orphan recovery to lost and found): 0.01 milliseconds.
  0 reparse records processed.
  0 reparse records processed.
 Phase duration (Reparse point and Object ID verification): 0.51 milliseconds.

Stage 3: Examining security descriptors ...
Security descriptor verification completed.
 Phase duration (Security descriptor verification): 12.96 milliseconds.
  99 data files processed.
 Phase duration (Data attribute verification): 0.60 milliseconds.

Windows has scanned the file system and found no problems.
No further action is required.

  15255511 KB total disk space.
   5985912 KB in 914 files.
       344 KB in 101 indexes.
     24819 KB in use by the system.
     22656 KB occupied by the log file.
   9244436 KB available on disk.
      4096 bytes in each allocation unit.
   3813877 total allocation units on disk.
   2311109 allocation units available on disk.
Total duration: 375.94 milliseconds (375 ms).
NTFS Fixup completed.

Found USB 2.0 device 'Lexar USB Flash Drive USB Device' (21C4:0CC7)
1 device found
Disk type: Removable, Disk size: 16 GB, Sector size: 512 bytes
Cylinders: 1899, Tracks per cylinder: 255, Sectors per track: 63
Partition type: MBR, NB Partitions: 2
Disk ID: 0x0091273D
Drive has a Rufus Master Boot Record
Partition 1:
  Type: NTFS (0x07)
  Detected File System: NTFS
  Size: 14.5 GB (15621644288 bytes)
  Start Sector: 2048, Boot: Yes
Partition 2 (UEFI:NTFS):
  Type: EFI System Partition (0xef)
  Detected File System: FAT12
  Size: 1 MB (1048576 bytes)
  Start Sector: 30513072, Boot: No
